<?xml version="1.0" encoding="UTF-8"?>
<!-- Generated by org.testng.reporters.JUnitXMLReporter -->
<testsuite hostname="PUNEITN012" name="Module-1 Regression" tests="45" failures="4" timestamp="21 Oct 2015 06:57:37 GMT" time="4181.4" errors="0">
  <testcase name="AddCompanyWithMultipleGLNs" time="109.845" classname="testCases.module1.Admin"/>
  <testcase name="SaveEditViewCompanyEntrustmentsWizard" time="172.042" classname="testCases.module1.Admin"/>
  <testcase name="SaveEditViewCompanyInformationWizard" time="150.283" classname="testCases.module1.Admin"/>
  <testcase name="SaveEditViewCompanyIntegrationAndApplicationWizard" time="151.136" classname="testCases.module1.Admin"/>
  <testcase name="SaveEditViewCompanyRoleWizard" time="141.649" classname="testCases.module1.Admin"/>
  <testcase name="SaveEditViewCompanyUserAccountsWizard" time="226.969" classname="testCases.module1.Admin"/>
  <testcase name="activeCompany" time="247.732" classname="testCases.module1.Admin"/>
  <testcase name="cancelCompanyInformation" time="60.503" classname="testCases.module1.Admin"/>
  <testcase name="cancelCompanyRole" time="84.805" classname="testCases.module1.Admin"/>
  <testcase name="cancelEntrusments" time="101.569" classname="testCases.module1.Admin"/>
  <testcase name="cancelIntegration" time="102.791" classname="testCases.module1.Admin"/>
  <testcase name="cancelUserAccounts" time="101.723" classname="testCases.module1.Admin"/>
  <testcase name="changeCompanyStatus" time="255.209" classname="testCases.module1.Admin"/>
  <testcase name="industrySegmentFilterDistributor" time="52.373" classname="testCases.module1.Admin">
    <failure type="java.lang.AssertionError" message="Failing Test Case">
      <![CDATA[java.lang.AssertionError: Failing Test Case
	at framework.helpers.VerifyAsserts.verifyTrue(VerifyAsserts.java:28)
	at testCases.module1.Admin.industrySegmentFilterDistributor(Admin.java:437)
Caused by: java.lang.AssertionError: expected [true] but found [false]
	at framework.helpers.VerifyAsserts.verifyTrue(VerifyAsserts.java:20)
	... 25 more
... Removed 29 stack frames]]>
    </failure>
  </testcase> <!-- industrySegmentFilterDistributor -->
  <testcase name="industrySegmentFilterManufacturer" time="46.224" classname="testCases.module1.Admin"/>
  <testcase name="industrySegmentFilterOperator" time="48.898" classname="testCases.module1.Admin"/>
  <testcase name="industrySegmentFilterProduceSupplier" time="72.603" classname="testCases.module1.Admin"/>
  <testcase name="industrySegmentFilterReDistributor" time="48.626" classname="testCases.module1.Admin"/>
  <testcase name="industrySegmentFilterSupplier" time="49.155" classname="testCases.module1.Admin"/>
  <testcase name="nextButtonAddNewCompany" time="236.815" classname="testCases.module1.Admin"/>
  <testcase name="previousButtonAddNewCompany" time="432.375" classname="testCases.module1.Admin"/>
  <testcase name="FixFailedCancelLink" time="57.074" classname="testCases.module1.Catalog"/>
  <testcase name="FixFailedGTINDetailsGDSNOMS" time="53.967" classname="testCases.module1.Catalog"/>
  <testcase name="GTINDetailsGDSN" time="86.733" classname="testCases.module1.Catalog"/>
  <testcase name="GTINDetailsGDSNOMS" time="77.267" classname="testCases.module1.Catalog"/>
  <testcase name="GTINDetailsOMS" time="79.822" classname="testCases.module1.Catalog"/>
  <testcase name="RegistrationStatusfilterFailed" time="57.517" classname="testCases.module1.Catalog"/>
  <testcase name="RegistrationStatusfilterNotReady" time="84.812" classname="testCases.module1.Catalog"/>
  <testcase name="RegistrationStatusfilterProcessing" time="51.926" classname="testCases.module1.Catalog"/>
  <testcase name="RegistrationStatusfilterValidated" time="47.064" classname="testCases.module1.Catalog"/>
  <testcase name="downloadSelectedButtonClickable" time="39.968" classname="testCases.module1.Catalog"/>
  <testcase name="getProductSheetButton" time="47.583" classname="testCases.module1.Catalog"/>
  <testcase name="searchGTIN" time="51.571" classname="testCases.module1.Catalog">
    <failure type="java.lang.AssertionError" message="Failing Test Case">
      <![CDATA[java.lang.AssertionError: Failing Test Case
	at framework.helpers.VerifyAsserts.verifyTrue(VerifyAsserts.java:28)
	at testCases.module1.Catalog.searchGTIN(Catalog.java:29)
Caused by: java.lang.AssertionError: expected [true] but found [false]
	at framework.helpers.VerifyAsserts.verifyTrue(VerifyAsserts.java:20)
	... 25 more
... Removed 29 stack frames]]>
    </failure>
  </testcase> <!-- searchGTIN -->
  <testcase name="searchProductCode" time="54.277" classname="testCases.module1.Catalog">
    <failure type="java.lang.AssertionError" message="Failing Test Case">
      <![CDATA[java.lang.AssertionError: Failing Test Case
	at framework.helpers.VerifyAsserts.verifyTrue(VerifyAsserts.java:28)
	at testCases.module1.Catalog.searchProductCode(Catalog.java:38)
Caused by: java.lang.AssertionError: expected [true] but found [false]
	at framework.helpers.VerifyAsserts.verifyTrue(VerifyAsserts.java:20)
	... 25 more
... Removed 29 stack frames]]>
    </failure>
  </testcase> <!-- searchProductCode -->
  <testcase name="searchProductDescription" time="59.488" classname="testCases.module1.Catalog">
    <failure type="java.lang.AssertionError" message="Failing Test Case">
      <![CDATA[java.lang.AssertionError: Failing Test Case
	at framework.helpers.VerifyAsserts.verifyTrue(VerifyAsserts.java:28)
	at testCases.module1.Catalog.searchProductDescription(Catalog.java:47)
Caused by: java.lang.AssertionError: expected [true] but found [false]
	at framework.helpers.VerifyAsserts.verifyTrue(VerifyAsserts.java:20)
	... 25 more
... Removed 29 stack frames]]>
    </failure>
  </testcase> <!-- searchProductDescription -->
  <testcase name="uploadAndRegisterCatalog" time="43.576" classname="testCases.module1.Catalog"/>
  <testcase name="mandatorySelectionOnPublishItems" time="32.817" classname="testCases.module1.PublishingCenter"/>
  <testcase name="publishItemsThroughSubscriber" time="37.518" classname="testCases.module1.PublishingCenter"/>
  <testcase name="publishingItemSuccessfully" time="60.548" classname="testCases.module1.PublishingCenter"/>
  <testcase name="returnToPublishingCenter" time="23.106" classname="testCases.module1.PublishingCenter"/>
  <testcase name="reviewCICs" time="28.459" classname="testCases.module1.PublishingCenter"/>
  <testcase name="subscribersItemSplitHeader" time="56.564" classname="testCases.module1.PublishingCenter"/>
  <testcase name="verifyAvailableColumns" time="35.283" classname="testCases.module1.PublishingCenter"/>
  <testcase name="invalidLogin" time="21.543" classname="testCases.module1.Logins"/>
  <testcase name="validLogin" time="20.414" classname="testCases.module1.Logins"/>
</testsuite> <!-- Module-1 Regression -->
